[INFO] Scanning for projects...
[INFO] 
[INFO] --------------------< com.shoplocker:fssai-service >--------------------
[INFO] Building ShopLocker FSSAI Service 1.0.0
[INFO]   from pom.xml
[INFO] --------------------------------[ jar ]---------------------------------
[INFO] 
[INFO] >>> spring-boot:3.4.4:run (default-cli) > test-compile @ fssai-service >>>
[INFO] 
[INFO] --- resources:3.3.1:resources (default-resources) @ fssai-service ---
[INFO] Copying 1 resource from src\main\resources to target\classes
[INFO] Copying 0 resource from src\main\resources to target\classes
[INFO] 
[INFO] --- compiler:3.13.0:compile (default-compile) @ fssai-service ---
[INFO] Nothing to compile - all classes are up to date.
[INFO] 
[INFO] --- resources:3.3.1:testResources (default-testResources) @ fssai-service ---
[INFO] skip non existing resourceDirectory C:\Users\anjal\Downloads\DukaanLocker\DukaanLocker\dukaan-locker-fssai\src\test\resources
[INFO] 
[INFO] --- compiler:3.13.0:testCompile (default-testCompile) @ fssai-service ---
[INFO] No sources to compile
[INFO] 
[INFO] <<< spring-boot:3.4.4:run (default-cli) < test-compile @ fssai-service <<<
[INFO] 
[INFO] 
[INFO] --- spring-boot:3.4.4:run (default-cli) @ fssai-service ---
[INFO] Attaching agents: []

  .   ____          _            __ _ _
 /\\ / ___'_ __ _ _(_)_ __  __ _ \ \ \ \
( ( )\___ | '_ | '_| | '_ \/ _` | \ \ \ \
 \\/  ___)| |_)| | | | | || (_| |  ) ) ) )
  '  |____| .__|_| |_|_| |_\__, | / / / /
 =========|_|==============|___/=/_/_/_/

 :: Spring Boot ::                (v3.4.4)

2026-06-02T17:00:33.366+05:30  INFO 13972 --- [fssai-service] [           main] c.s.fssai.ShopLockerFssaiApplication     : Starting ShopLockerFssaiApplication using Java 25.0.2 with PID 13972 (C:\Users\anjal\Downloads\DukaanLocker\DukaanLocker\dukaan-locker-fssai\target\classes started by anjal in C:\Users\anjal\Downloads\DukaanLocker\DukaanLocker\dukaan-locker-fssai)
2026-06-02T17:00:33.370+05:30  INFO 13972 --- [fssai-service] [           main] c.s.fssai.ShopLockerFssaiApplication     : No active profile set, falling back to 1 default profile: "default"
2026-06-02T17:00:34.854+05:30  INFO 13972 --- [fssai-service] [           main] .s.d.r.c.RepositoryConfigurationDelegate : Bootstrapping Spring Data JPA repositories in DEFAULT mode.
2026-06-02T17:00:34.960+05:30  INFO 13972 --- [fssai-service] [           main] .s.d.r.c.RepositoryConfigurationDelegate : Finished Spring Data repository scanning in 90 ms. Found 1 JPA repository interface.
2026-06-02T17:00:35.872+05:30  INFO 13972 --- [fssai-service] [           main] o.s.b.w.embedded.tomcat.TomcatWebServer  : Tomcat initialized with port 8081 (http)
2026-06-02T17:00:35.897+05:30  INFO 13972 --- [fssai-service] [           main] o.apache.catalina.core.StandardService   : Starting service [Tomcat]
2026-06-02T17:00:35.898+05:30  INFO 13972 --- [fssai-service] [           main] o.apache.catalina.core.StandardEngine    : Starting Servlet engine: [Apache Tomcat/10.1.39]
2026-06-02T17:00:35.985+05:30  INFO 13972 --- [fssai-service] [           main] o.a.c.c.C.[Tomcat].[localhost].[/]       : Initializing Spring embedded WebApplicationContext
2026-06-02T17:00:35.986+05:30  INFO 13972 --- [fssai-service] [           main] w.s.c.ServletWebServerApplicationContext : Root WebApplicationContext: initialization completed in 2510 ms
2026-06-02T17:00:36.254+05:30  INFO 13972 --- [fssai-service] [           main] o.hibernate.jpa.internal.util.LogHelper  : HHH000204: Processing PersistenceUnitInfo [name: default]
2026-06-02T17:00:36.354+05:30  INFO 13972 --- [fssai-service] [           main] org.hibernate.Version                    : HHH000412: Hibernate ORM core version 6.6.11.Final
2026-06-02T17:00:36.413+05:30  INFO 13972 --- [fssai-service] [           main] o.h.c.internal.RegionFactoryInitiator    : HHH000026: Second-level cache disabled
2026-06-02T17:00:36.954+05:30  INFO 13972 --- [fssai-service] [           main] o.s.o.j.p.SpringPersistenceUnitInfo      : No LoadTimeWeaver setup: ignoring JPA class transformer
2026-06-02T17:00:37.037+05:30  INFO 13972 --- [fssai-service] [           main] com.zaxxer.hikari.HikariDataSource       : HikariPool-1 - Starting...
2026-06-02T17:00:37.524+05:30  INFO 13972 --- [fssai-service] [           main] com.zaxxer.hikari.pool.HikariPool        : HikariPool-1 - Added connection conn0: url=jdbc:h2:file:./data/fssai user=SA
2026-06-02T17:00:37.528+05:30  INFO 13972 --- [fssai-service] [           main] com.zaxxer.hikari.HikariDataSource       : HikariPool-1 - Start completed.
2026-06-02T17:00:37.572+05:30  WARN 13972 --- [fssai-service] [           main] org.hibernate.orm.deprecation            : HHH90000025: H2Dialect does not need to be specified explicitly using 'hibernate.dialect' (remove the property setting and it will be selected by default)
2026-06-02T17:00:37.614+05:30  INFO 13972 --- [fssai-service] [           main] org.hibernate.orm.connections.pooling    : HHH10001005: Database info:
	Database JDBC URL [Connecting through datasource 'HikariDataSource (HikariPool-1)']
	Database driver: undefined/unknown
	Database version: 2.3.232
	Autocommit mode: undefined/unknown
	Isolation level: undefined/unknown
	Minimum pool size: undefined/unknown
	Maximum pool size: undefined/unknown
2026-06-02T17:00:39.041+05:30  INFO 13972 --- [fssai-service] [           main] o.h.e.t.j.p.i.JtaPlatformInitiator       : HHH000489: No JTA platform available (set 'hibernate.transaction.jta.platform' to enable JTA platform integration)
2026-06-02T17:00:39.126+05:30  INFO 13972 --- [fssai-service] [           main] j.LocalContainerEntityManagerFactoryBean : Initialized JPA EntityManagerFactory for persistence unit 'default'
2026-06-02T17:00:39.586+05:30  INFO 13972 --- [fssai-service] [           main] c.s.fssai.config.PlaywrightConfig        : Initializing Playwright...
2026-06-02T17:00:49.458+05:30  INFO 13972 --- [fssai-service] [           main] c.s.fssai.config.PlaywrightConfig        : Launching Chromium browser...
2026-06-02T17:00:49.935+05:30  WARN 13972 --- [fssai-service] [           main] JpaBaseConfiguration$JpaWebConfiguration : spring.jpa.open-in-view is enabled by default. Therefore, database queries may be performed during view rendering. Explicitly configure spring.jpa.open-in-view to disable this warning
2026-06-02T17:00:50.369+05:30  INFO 13972 --- [fssai-service] [           main] o.s.b.a.h2.H2ConsoleAutoConfiguration    : H2 console available at '/h2-console'. Database available at 'jdbc:h2:file:./data/fssai'
2026-06-02T17:00:50.499+05:30  INFO 13972 --- [fssai-service] [           main] o.s.b.w.embedded.tomcat.TomcatWebServer  : Tomcat started on port 8081 (http) with context path '/'
2026-06-02T17:00:50.532+05:30  INFO 13972 --- [fssai-service] [           main] c.s.fssai.ShopLockerFssaiApplication     : Started ShopLockerFssaiApplication in 18.139 seconds (process running for 19.024)

C:\Users\anjal\Downloads\DukaanLocker\DukaanLocker>